2022-06-20 17:11:58 [httpLog] {"method":"GET","url":"/lists","data":{},"startTime":"2022-06-20 17:11:58","endTime":"2022-06-20 17:11:58","timeLength":1}
2022-06-20 17:12:15 [httpLog] {"method":"GET","url":"/user/lists","data":{},"startTime":"2022-06-20 17:12:15","endTime":"2022-06-20 17:12:15","timeLength":10}
2022-06-20 17:17:45 [httpLog] {"method":"GET","url":"/user/lists","data":{},"startTime":"2022-06-20 17:17:45","endTime":"2022-06-20 17:17:45","timeLength":4}
2022-06-20 17:19:24 [httpLog] {"method":"GET","url":"/user/details/1","data":{},"startTime":"2022-06-20 17:19:24","endTime":"2022-06-20 17:19:24","timeLength":1}
2022-06-20 17:20:27 [httpLog] {"method":"GET","url":"/user/detail2/1","data":{},"startTime":"2022-06-20 17:20:27","endTime":"2022-06-20 17:20:27","timeLength":3}
2022-06-20 17:20:31 [httpLog] {"method":"GET","url":"/user/detail2/3","data":{},"startTime":"2022-06-20 17:20:31","endTime":"2022-06-20 17:20:31","timeLength":1}
2022-06-20 17:22:46 [httpLog] {"method":"GET","url":"/user","data":{},"startTime":"2022-06-20 17:22:46","endTime":"2022-06-20 17:22:46","timeLength":8}
2022-06-20 17:22:50 [httpLog] {"method":"POST","url":"/login","data":{"name":"admin","pwd":"admin"},"startTime":"2022-06-20 17:22:50","endTime":"2022-06-20 17:22:50","timeLength":1}
2022-06-20 17:22:50 [httpLog] {"method":"GET","url":"/user","data":{},"startTime":"2022-06-20 17:22:50","endTime":"2022-06-20 17:22:50","timeLength":2}
2022-06-20 17:23:01 [httpLog] {"method":"POST","url":"/login","data":{"name":"admin","pwd":"admin"},"startTime":"2022-06-20 17:23:01","endTime":"2022-06-20 17:23:01","timeLength":1}
2022-06-20 17:23:01 [httpLog] {"method":"GET","url":"/user","data":{},"startTime":"2022-06-20 17:23:01","endTime":"2022-06-20 17:23:01","timeLength":2}
2022-06-20 17:24:31 [httpLog] {"method":"GET","url":"/user/lists","data":{},"startTime":"2022-06-20 17:24:31","endTime":"2022-06-20 17:24:31","timeLength":2}
2022-06-20 17:24:35 [httpLog] {"method":"GET","url":"/user","data":{},"startTime":"2022-06-20 17:24:35","endTime":"2022-06-20 17:24:35","timeLength":2}
2022-06-20 17:24:37 [httpLog] {"method":"POST","url":"/user/add","data":{"name":"admin1","pwd":"admin2"},"startTime":"2022-06-20 17:24:37","endTime":"2022-06-20 17:24:37","timeLength":61}
2022-06-20 17:24:37 [httpLog] {"method":"GET","url":"/user","data":{},"startTime":"2022-06-20 17:24:37","endTime":"2022-06-20 17:24:37","timeLength":1}
2022-06-20 17:24:40 [httpLog] {"method":"POST","url":"/user/add","data":{"name":"admin1","pwd":"admin2"},"startTime":"2022-06-20 17:24:39","endTime":"2022-06-20 17:24:40","timeLength":1010}
2022-06-20 17:24:40 [httpLog] {"method":"GET","url":"/user","data":{},"startTime":"2022-06-20 17:24:40","endTime":"2022-06-20 17:24:40","timeLength":2}
2022-06-20 17:24:44 [httpLog] {"method":"GET","url":"/user/lists","data":{},"startTime":"2022-06-20 17:24:44","endTime":"2022-06-20 17:24:44","timeLength":1}
2022-06-20 17:24:59 [httpLog] {"method":"GET","url":"/user","data":{},"startTime":"2022-06-20 17:24:59","endTime":"2022-06-20 17:24:59","timeLength":1}
2022-06-20 17:25:01 [httpLog] {"method":"POST","url":"/user/add","data":{"name":"admin1","pwd":"admin2"},"startTime":"2022-06-20 17:25:00","endTime":"2022-06-20 17:25:01","timeLength":950}
2022-06-20 17:41:48 [httpLog] {"method":"GET","url":"/user/lists","data":{},"startTime":"2022-06-20 17:41:48","endTime":"2022-06-20 17:41:48","timeLength":7}
2022-06-20 17:42:17 [httpLog] {"method":"GET","url":"/user/lists","data":{},"startTime":"2022-06-20 17:42:17","endTime":"2022-06-20 17:42:17","timeLength":8}
2022-06-20 17:42:17 [httpLog] {"method":"GET","url":"/user/lists","data":{},"startTime":"2022-06-20 17:42:17","endTime":"2022-06-20 17:42:17","timeLength":4}
2022-06-20 17:42:18 [httpLog] {"method":"GET","url":"/user/lists","data":{},"startTime":"2022-06-20 17:42:18","endTime":"2022-06-20 17:42:18","timeLength":3}
2022-06-20 17:42:18 [httpLog] {"method":"GET","url":"/user/lists","data":{},"startTime":"2022-06-20 17:42:18","endTime":"2022-06-20 17:42:18","timeLength":3}
2022-06-20 17:42:19 [httpLog] {"method":"GET","url":"/user/lists","data":{},"startTime":"2022-06-20 17:42:19","endTime":"2022-06-20 17:42:19","timeLength":2}
2022-06-20 17:42:19 [httpLog] {"method":"GET","url":"/user/lists","data":{},"startTime":"2022-06-20 17:42:19","endTime":"2022-06-20 17:42:19","timeLength":2}
2022-06-20 17:42:19 [httpLog] {"method":"GET","url":"/user/lists","data":{},"startTime":"2022-06-20 17:42:19","endTime":"2022-06-20 17:42:19","timeLength":3}
2022-06-20 17:43:32 [httpLog] {"method":"GET","url":"/user/lists","data":{},"startTime":"2022-06-20 17:43:32","endTime":"2022-06-20 17:43:32","timeLength":8}
2022-06-20 17:43:42 [httpLog] {"method":"GET","url":"/user/lists","data":{},"startTime":"2022-06-20 17:43:42","endTime":"2022-06-20 17:43:42","timeLength":8}
2022-06-20 17:43:50 [httpLog] {"method":"GET","url":"/user/lists","data":{},"startTime":"2022-06-20 17:43:50","endTime":"2022-06-20 17:43:50","timeLength":10}
2022-06-20 17:50:54 [httpLog] {"method":"GET","url":"/user","data":{},"startTime":"2022-06-20 17:50:54","endTime":"2022-06-20 17:50:54","timeLength":8}
2022-06-20 17:50:57 [httpLog] {"method":"POST","url":"/user/add","data":{"name":"admin1","pwd":"admin2"},"startTime":"2022-06-20 17:50:56","endTime":"2022-06-20 17:50:57","timeLength":261}
2022-06-20 17:51:02 [httpLog] {"method":"GET","url":"/user/lists","data":{},"startTime":"2022-06-20 17:51:02","endTime":"2022-06-20 17:51:02","timeLength":5}
2022-06-20 17:51:51 [httpLog] {"method":"GET","url":"/user/lists","data":{},"startTime":"2022-06-20 17:51:51","endTime":"2022-06-20 17:51:51","timeLength":8}
2022-06-20 17:51:59 [httpLog] {"method":"GET","url":"/user/lists","data":{},"startTime":"2022-06-20 17:51:59","endTime":"2022-06-20 17:51:59","timeLength":8}
2022-06-20 17:59:20 [httpLog] {"method":"GET","url":"/user/lists","data":{},"startTime":"2022-06-20 17:59:20","endTime":"2022-06-20 17:59:20","timeLength":8}
2022-06-20 17:59:43 [httpLog] {"method":"GET","url":"/user/lists","data":{},"startTime":"2022-06-20 17:59:43","endTime":"2022-06-20 17:59:43","timeLength":8}
